fs.js:114
    throw err;
    ^

Error: ENOENT: no such file or directory, open 'rabbitMQ.json'
    at Object.openSync (fs.js:443:3)
    at Object.readFileSync (fs.js:343:35)
    at Object.<anonymous> (/home/ubuntu/IT-490-Artlock/backend/app.js:8:28)
    at Module._compile (internal/modules/cjs/loader.js:778:30)
    at Object.Module._extensions..js (internal/modules/cjs/loader.js:789:10)
    at Module.load (internal/modules/cjs/loader.js:653:32)
    at tryModuleLoad (internal/modules/cjs/loader.js:593:12)
    at Function.Module._load (internal/modules/cjs/loader.js:585:3)
    at Function.Module.runMain (internal/modules/cjs/loader.js:831:12)
    at startup (internal/bootstrap/node.js:283:19)
    at bootstrapNodeJSCore (internal/bootstrap/node.js:623:3)
internal/modules/cjs/loader.js:638
    throw err;
    ^

Error: Cannot find module '/home/ubuntu/IT-490-Artlock/app.js'
    at Function.Module._resolveFilename (internal/modules/cjs/loader.js:636:15)
    at Function.Module._load (internal/modules/cjs/loader.js:562:25)
    at Function.Module.runMain (internal/modules/cjs/loader.js:831:12)
    at startup (internal/bootstrap/node.js:283:19)
    at bootstrapNodeJSCore (internal/bootstrap/node.js:623:3)
